<?xml version="1.0" encoding="UTF-8"?>
<!-- Generated by org.testng.reporters.JUnitReportReporter -->
<testsuite hostname="krupals-MacBook-Air.local" failures="0" tests="5" name="com.crm.qa.testcases.HomePageTest" time="57.900" errors="0" timestamp="2022-06-22T00:45:22 GMT-04:00" skipped="0">
  <testcase classname="com.crm.qa.testcases.HomePageTest" name="verifyHomePageTitleTest" time="9.373"/>
  <system-out/>
  <testcase classname="com.crm.qa.testcases.HomePageTest" name="verifyUserNameTest" time="12.574"/>
  <system-out/>
  <testcase classname="com.crm.qa.testcases.HomePageTest" name="verifyContactsLinkTest" time="13.623"/>
  <system-out/>
  <testcase classname="com.crm.qa.testcases.HomePageTest" name="verifyDealsLinkTest" time="11.292"/>
  <system-out/>
  <testcase classname="com.crm.qa.testcases.HomePageTest" name="verifyTaskLinkTest" time="11.038"/>
  <system-out/>
</testsuite> <!-- com.crm.qa.testcases.HomePageTest -->
