<?xml version="1.0" encoding="UTF-8"?>
<!-- Generated by org.testng.reporters.JUnitReportReporter -->
<testsuite hostname="krupals-MacBook-Air.local" failures="0" tests="3" name="com.crm.qa.testcases.LoginPageTest" time="28.179" errors="0" timestamp="2022-06-22T00:45:22 GMT-04:00" skipped="0">
  <testcase classname="com.crm.qa.testcases.LoginPageTest" name="loginPageTitleTest" time="7.719"/>
  <system-out/>
  <testcase classname="com.crm.qa.testcases.LoginPageTest" name="crmLogoImageTest" time="7.525"/>
  <system-out/>
  <testcase classname="com.crm.qa.testcases.LoginPageTest" name="loginTest" time="12.935"/>
  <system-out/>
</testsuite> <!-- com.crm.qa.testcases.LoginPageTest -->
